<?xml version="1.0" encoding="UTF-8"?>
<!-- Generated by org.testng.reporters.JUnitXMLReporter -->
<testsuite ignored="0" hostname="DESKTOP-3EP6P31" failures="0" tests="4" name="Test" time="35.59" errors="0" timestamp="2024-01-18T15:01:28 IST">
  <testcase classname="TestCases.DemoTestCases" name="DemoRegister" time="2.881"/>
  <testcase classname="TestCases.DemoTestCases" name="DemoRegister" time="2.649"/>
  <testcase classname="TestCases.DemoTestCases" name="URLValidation" time="0.903"/>
  <testcase classname="TestCases.DemoTestCases" name="titleValidation" time="0.945"/>
</testsuite> <!-- Test -->
